[logsAndroid_Android Emulator INFO ] 2020-05-01 13:12:09.385 MenuPageButtonTest:117 - 
******** starting test:checkHomePageScrolling********
"[logsAndroid_Android Emulator INFO ] 2020-05-01 13:12:35.143 MenuPageButtonTest:142 - actual title - SmartCoin
expected title - SmartCoin
"[logsAndroid_Android Emulator INFO ] 2020-05-01 13:12:56.125 MenuPageButtonTest:117 - 
******** starting test:checkMenuPageHomeButton********
"[logsAndroid_Android Emulator INFO ] 2020-05-01 13:13:01.366 MenuPageButtonTest:162 - actual title - Welcome!
expected title - Welcome!
"[logsAndroid_Android Emulator INFO ] 2020-05-01 13:13:04.774 MenuPageButtonTest:168 - actual title - SmartCoin
expected title - SmartCoin
"[logsAndroid_Android Emulator INFO ] 2020-05-01 13:13:08.089 MenuPageButtonTest:117 - 
******** starting test:checkMenuPageMyLoansButton********
"[logsAndroid_Android Emulator INFO ] 2020-05-01 13:13:12.731 MenuPageButtonTest:184 - actual title - Welcome!
expected title - Welcome!
"[logsAndroid_Android Emulator INFO ] 2020-05-01 13:13:15.145 MenuPageButtonTest:190 - actual title - My Loans
expected title - My Loans
"[logsAndroid_Android Emulator INFO ] 2020-05-01 13:13:18.296 MenuPageButtonTest:117 - 
******** starting test:checkMenuPageMyProfileButton********
"[logsAndroid_Android Emulator INFO ] 2020-05-01 13:13:21.005 MenuPageButtonTest:206 - actual title - SmartCoin
expected title - SmartCoin
"[logsAndroid_Android Emulator INFO ] 2020-05-01 13:13:25.679 MenuPageButtonTest:212 - actual title - Welcome!
expected title - Welcome!
"[logsAndroid_Android Emulator INFO ] 2020-05-01 13:13:28.481 MenuPageButtonTest:218 - actual title - My Profile
expected title - My Profile
"[logsAndroid_Android Emulator INFO ] 2020-05-01 13:13:31.855 MenuPageButtonTest:117 - 
******** starting test:checkMenuPageAllTransactionButton********
"[logsAndroid_Android Emulator INFO ] 2020-05-01 13:13:35.262 MenuPageButtonTest:235 - actual title - SmartCoin
expected title - SmartCoin
"[logsAndroid_Android Emulator INFO ] 2020-05-01 13:13:38.898 MenuPageButtonTest:241 - actual title - Welcome!
expected title - Welcome!
"[logsAndroid_Android Emulator INFO ] 2020-05-01 13:13:41.556 MenuPageButtonTest:247 - actual title - All Transactions
expected title - All Transactions
"[logsAndroid_Android Emulator INFO ] 2020-05-01 13:13:44.590 MenuPageButtonTest:117 - 
******** starting test:checkMenuPageHelpAndSupportButton********
"[logsAndroid_Android Emulator INFO ] 2020-05-01 13:13:46.895 MenuPageButtonTest:263 - actual title - SmartCoin
expected title - SmartCoin
"[logsAndroid_Android Emulator INFO ] 2020-05-01 13:13:51.285 MenuPageButtonTest:269 - actual title - Welcome!
expected title - Welcome!
"[logsAndroid_Android Emulator INFO ] 2020-05-01 13:13:53.703 MenuPageButtonTest:275 - actual title - EMAIL US
expected title - EMAIL US
"[logsAndroid_Android Emulator INFO ] 2020-05-01 13:40:52.676 MenuPageButtonTest:117 - 
******** starting test:checkHomePageScrolling********
"[logsAndroid_Android Emulator INFO ] 2020-05-01 13:41:12.529 MenuPageButtonTest:142 - actual title - SmartCoin
expected title - SmartCoin
"[logsAndroid_Android Emulator INFO ] 2020-05-01 13:41:29.394 MenuPageButtonTest:117 - 
******** starting test:checkMenuPageHomeButton********
"[logsAndroid_Android Emulator INFO ] 2020-05-01 13:41:33.966 MenuPageButtonTest:162 - actual title - Welcome!
expected title - Welcome!
"[logsAndroid_Android Emulator INFO ] 2020-05-01 13:41:37.589 MenuPageButtonTest:168 - actual title - SmartCoin
expected title - SmartCoin
"[logsAndroid_Android Emulator INFO ] 2020-05-01 13:41:41.217 MenuPageButtonTest:117 - 
******** starting test:checkMenuPageMyLoansButton********
"[logsAndroid_Android Emulator INFO ] 2020-05-01 13:41:44.557 MenuPageButtonTest:184 - actual title - Welcome!
expected title - Welcome!
"[logsAndroid_Android Emulator INFO ] 2020-05-01 13:41:46.648 MenuPageButtonTest:190 - actual title - My Loans
expected title - My Loans
"[logsAndroid_Android Emulator INFO ] 2020-05-01 13:41:49.544 MenuPageButtonTest:117 - 
******** starting test:checkMenuPageMyProfileButton********
"[logsAndroid_Android Emulator INFO ] 2020-05-01 13:41:52.379 MenuPageButtonTest:206 - actual title - SmartCoin
expected title - SmartCoin
"[logsAndroid_Android Emulator INFO ] 2020-05-01 13:41:55.951 MenuPageButtonTest:212 - actual title - Welcome!
expected title - Welcome!
"[logsAndroid_Android Emulator INFO ] 2020-05-01 13:41:59.360 MenuPageButtonTest:218 - actual title - My Profile
expected title - My Profile
"[logsAndroid_Android Emulator INFO ] 2020-05-01 13:42:02.673 MenuPageButtonTest:117 - 
******** starting test:checkMenuPageAllTransactionButton********
"[logsAndroid_Android Emulator INFO ] 2020-05-01 13:42:06.044 MenuPageButtonTest:235 - actual title - SmartCoin
expected title - SmartCoin
"[logsAndroid_Android Emulator INFO ] 2020-05-01 13:42:09.598 MenuPageButtonTest:241 - actual title - Welcome!
expected title - Welcome!
"[logsAndroid_Android Emulator INFO ] 2020-05-01 13:42:11.952 MenuPageButtonTest:247 - actual title - All Transactions
expected title - All Transactions
"[logsAndroid_Android Emulator INFO ] 2020-05-01 13:42:15.114 MenuPageButtonTest:117 - 
******** starting test:checkMenuPageHelpAndSupportButton********
"[logsAndroid_Android Emulator INFO ] 2020-05-01 13:42:17.960 MenuPageButtonTest:263 - actual title - SmartCoin
expected title - SmartCoin
"[logsAndroid_Android Emulator INFO ] 2020-05-01 13:42:22.186 MenuPageButtonTest:269 - actual title - Welcome!
expected title - Welcome!
"[logsAndroid_Android Emulator INFO ] 2020-05-01 13:42:27.172 MenuPageButtonTest:275 - actual title - EMAIL US
expected title - EMAIL US
"[logsAndroid_Android Emulator INFO ] 2020-05-01 13:42:31.041 MenuPageButtonTest:117 - 
******** starting test:checkMenuPageFAQButton********
"[logsAndroid_Android Emulator INFO ] 2020-05-01 13:42:33.418 MenuPageButtonTest:291 - actual title - SmartCoin
expected title - SmartCoin
"[logsAndroid_Android Emulator INFO ] 2020-05-01 13:42:36.956 MenuPageButtonTest:297 - actual title - Welcome!
expected title - Welcome!
"[logsAndroid_Android Emulator INFO ] 2020-05-01 13:42:49.137 MenuPageButtonTest:117 - 
******** starting test:checkMenuPageLanguageSettingButton********
"[logsAndroid_Android Emulator INFO ] 2020-05-01 13:42:53.260 MenuPageButtonTest:319 - actual title - SmartCoin
expected title - SmartCoin
"[logsAndroid_Android Emulator INFO ] 2020-05-01 13:42:55.160 MenuPageButtonTest:325 - actual title - Welcome!
expected title - Welcome!
"[logsAndroid_Android Emulator INFO ] 2020-05-01 13:42:58.046 MenuPageButtonTest:331 - actual title - Language
expected title - Language
"[logsAndroid_Android Emulator INFO ] 2020-05-01 13:43:00.723 MenuPageButtonTest:117 - 
******** starting test:checkMenuPageTroubleshootButton********
"[logsAndroid_Android Emulator INFO ] 2020-05-01 13:43:05.540 MenuPageButtonTest:348 - actual title - Welcome!
expected title - Welcome!
"[logsAndroid_Android Emulator INFO ] 2020-05-01 13:43:07.307 MenuPageButtonTest:354 - actual title - Welcome!
expected title - Welcome!
"[logsAndroid_Android Emulator INFO ] 2020-05-01 13:43:09.644 MenuPageButtonTest:360 - actual title - Troubleshoot
expected title - Troubleshoot
"[logsAndroid_Android Emulator INFO ] 2020-05-01 13:43:12.050 MenuPageButtonTest:117 - 
******** starting test:checkMenuPageMyBankDetailsButton********
"[logsAndroid_Android Emulator INFO ] 2020-05-01 13:43:14.307 MenuPageButtonTest:376 - actual title - SmartCoin
expected title - SmartCoin
"[logsAndroid_Android Emulator INFO ] 2020-05-01 13:43:16.775 MenuPageButtonTest:382 - actual title - Welcome!
expected title - Welcome!
"[logsAndroid_Android Emulator INFO ] 2020-05-01 13:43:20.491 MenuPageButtonTest:388 - actual title - My Bank Details
expected title - My Bank Details
"[logsAndroid_Android Emulator INFO ] 2020-05-01 13:51:23.706 MenuPageButtonTest:117 - 
******** starting test:checkHomePageScrolling********
"[logsAndroid_Android Emulator INFO ] 2020-05-01 13:51:38.372 MenuPageButtonTest:142 - actual title - SmartCoin
expected title - SmartCoin
"[logsAndroid_Android Emulator INFO ] 2020-05-01 13:51:52.500 MenuPageButtonTest:117 - 
******** starting test:checkMenuPageHomeButton********
"[logsAndroid_Android Emulator INFO ] 2020-05-01 13:51:55.106 MenuPageButtonTest:162 - actual title - Welcome!
expected title - Welcome!
"[logsAndroid_Android Emulator INFO ] 2020-05-01 13:51:57.407 MenuPageButtonTest:168 - actual title - SmartCoin
expected title - SmartCoin
"[logsAndroid_Android Emulator INFO ] 2020-05-01 13:51:59.175 MenuPageButtonTest:117 - 
******** starting test:checkMenuPageMyLoansButton********
"[logsAndroid_Android Emulator INFO ] 2020-05-01 13:52:01.967 MenuPageButtonTest:184 - actual title - Welcome!
expected title - Welcome!
"[logsAndroid_Android Emulator INFO ] 2020-05-01 13:52:03.748 MenuPageButtonTest:190 - actual title - My Loans
expected title - My Loans
"[logsAndroid_Android Emulator INFO ] 2020-05-01 13:52:06.040 MenuPageButtonTest:117 - 
******** starting test:checkMenuPageMyProfileButton********
"[logsAndroid_Android Emulator INFO ] 2020-05-01 13:52:08.106 MenuPageButtonTest:206 - actual title - SmartCoin
expected title - SmartCoin
"[logsAndroid_Android Emulator INFO ] 2020-05-01 13:52:11.477 MenuPageButtonTest:212 - actual title - Welcome!
expected title - Welcome!
"[logsAndroid_Android Emulator INFO ] 2020-05-01 13:52:13.737 MenuPageButtonTest:218 - actual title - My Profile
expected title - My Profile
"[logsAndroid_Android Emulator INFO ] 2020-05-01 13:52:16.223 MenuPageButtonTest:117 - 
******** starting test:checkMenuPageAllTransactionButton********
"[logsAndroid_Android Emulator INFO ] 2020-05-01 13:52:18.786 MenuPageButtonTest:235 - actual title - SmartCoin
expected title - SmartCoin
"[logsAndroid_Android Emulator INFO ] 2020-05-01 13:52:20.650 MenuPageButtonTest:241 - actual title - Welcome!
expected title - Welcome!
"[logsAndroid_Android Emulator INFO ] 2020-05-01 13:52:22.738 MenuPageButtonTest:247 - actual title - All Transactions
expected title - All Transactions
"[logsAndroid_Android Emulator INFO ] 2020-05-01 13:52:25.015 MenuPageButtonTest:117 - 
******** starting test:checkMenuPageHelpAndSupportButton********
"[logsAndroid_Android Emulator INFO ] 2020-05-01 13:52:26.970 MenuPageButtonTest:263 - actual title - SmartCoin
expected title - SmartCoin
"[logsAndroid_Android Emulator INFO ] 2020-05-01 13:52:28.830 MenuPageButtonTest:269 - actual title - Welcome!
expected title - Welcome!
"[logsAndroid_Android Emulator INFO ] 2020-05-01 13:52:30.823 MenuPageButtonTest:275 - actual title - EMAIL US
expected title - EMAIL US
"[logsAndroid_Android Emulator INFO ] 2020-05-01 13:52:33.063 MenuPageButtonTest:117 - 
******** starting test:checkMenuPageFAQButton********
"[logsAndroid_Android Emulator INFO ] 2020-05-01 13:52:35.196 MenuPageButtonTest:291 - actual title - SmartCoin
expected title - SmartCoin
"[logsAndroid_Android Emulator INFO ] 2020-05-01 13:52:36.928 MenuPageButtonTest:297 - actual title - Welcome!
expected title - Welcome!
"[logsAndroid_Android Emulator INFO ] 2020-05-01 13:52:47.103 MenuPageButtonTest:117 - 
******** starting test:checkMenuPageLanguageSettingButton********
"[logsAndroid_Android Emulator INFO ] 2020-05-01 13:52:49.951 MenuPageButtonTest:319 - actual title - SmartCoin
expected title - SmartCoin
"[logsAndroid_Android Emulator INFO ] 2020-05-01 13:52:52.033 MenuPageButtonTest:325 - actual title - Welcome!
expected title - Welcome!
"[logsAndroid_Android Emulator INFO ] 2020-05-01 13:52:54.326 MenuPageButtonTest:331 - actual title - Language
expected title - Language
"[logsAndroid_Android Emulator INFO ] 2020-05-01 13:52:56.216 MenuPageButtonTest:117 - 
******** starting test:checkMenuPageTroubleshootButton********
"[logsAndroid_Android Emulator INFO ] 2020-05-01 13:53:00.509 MenuPageButtonTest:348 - actual title - Welcome!
expected title - Welcome!
"[logsAndroid_Android Emulator INFO ] 2020-05-01 13:53:02.148 MenuPageButtonTest:354 - actual title - Welcome!
expected title - Welcome!
"[logsAndroid_Android Emulator INFO ] 2020-05-01 13:53:03.808 MenuPageButtonTest:360 - actual title - Troubleshoot
expected title - Troubleshoot
"[logsAndroid_Android Emulator INFO ] 2020-05-01 13:53:05.724 MenuPageButtonTest:117 - 
******** starting test:checkMenuPageMyBankDetailsButton********
"[logsAndroid_Android Emulator INFO ] 2020-05-01 13:53:07.533 MenuPageButtonTest:376 - actual title - SmartCoin
expected title - SmartCoin
"[logsAndroid_Android Emulator INFO ] 2020-05-01 13:53:10.433 MenuPageButtonTest:382 - actual title - Welcome!
expected title - Welcome!
"[logsAndroid_Android Emulator INFO ] 2020-05-01 13:53:12.655 MenuPageButtonTest:388 - actual title - My Bank Details
expected title - My Bank Details
"[logsAndroid_Android Emulator INFO ] 2020-05-01 14:00:17.424 MenuPageButtonTest:117 - 
******** starting test:checkHomePageScrolling********
"[logsAndroid_Android Emulator INFO ] 2020-05-01 14:00:31.302 MenuPageButtonTest:142 - actual title - SmartCoin
expected title - SmartCoin
"[logsAndroid_Android Emulator INFO ] 2020-05-01 14:00:45.396 MenuPageButtonTest:117 - 
******** starting test:checkMenuPageHomeButton********
"[logsAndroid_Android Emulator INFO ] 2020-05-01 14:00:47.477 MenuPageButtonTest:162 - actual title - Welcome!
expected title - Welcome!
"[logsAndroid_Android Emulator INFO ] 2020-05-01 14:00:50.320 MenuPageButtonTest:168 - actual title - SmartCoin
expected title - SmartCoin
"[logsAndroid_Android Emulator INFO ] 2020-05-01 14:00:52.086 MenuPageButtonTest:117 - 
******** starting test:checkMenuPageMyLoansButton********
"[logsAndroid_Android Emulator INFO ] 2020-05-01 14:00:54.042 MenuPageButtonTest:184 - actual title - Welcome!
expected title - Welcome!
"[logsAndroid_Android Emulator INFO ] 2020-05-01 14:00:56.327 MenuPageButtonTest:190 - actual title - My Loans
expected title - My Loans
"[logsAndroid_Android Emulator INFO ] 2020-05-01 14:00:58.553 MenuPageButtonTest:117 - 
******** starting test:checkMenuPageMyProfileButton********
"[logsAndroid_Android Emulator INFO ] 2020-05-01 14:01:00.532 MenuPageButtonTest:206 - actual title - SmartCoin
expected title - SmartCoin
"[logsAndroid_Android Emulator INFO ] 2020-05-01 14:01:03.446 MenuPageButtonTest:212 - actual title - Welcome!
expected title - Welcome!
"[logsAndroid_Android Emulator INFO ] 2020-05-01 14:01:06.067 MenuPageButtonTest:218 - actual title - My Profile
expected title - My Profile
"[logsAndroid_Android Emulator INFO ] 2020-05-01 14:01:08.304 MenuPageButtonTest:117 - 
******** starting test:checkMenuPageAllTransactionButton********
"[logsAndroid_Android Emulator INFO ] 2020-05-01 14:01:10.526 MenuPageButtonTest:235 - actual title - SmartCoin
expected title - SmartCoin
"[logsAndroid_Android Emulator INFO ] 2020-05-01 14:01:13.620 MenuPageButtonTest:241 - actual title - Welcome!
expected title - Welcome!
"[logsAndroid_Android Emulator INFO ] 2020-05-01 14:01:15.319 MenuPageButtonTest:247 - actual title - All Transactions
expected title - All Transactions
"[logsAndroid_Android Emulator INFO ] 2020-05-01 14:01:17.595 MenuPageButtonTest:117 - 
******** starting test:checkMenuPageHelpAndSupportButton********
"[logsAndroid_Android Emulator INFO ] 2020-05-01 14:01:19.455 MenuPageButtonTest:263 - actual title - SmartCoin
expected title - SmartCoin
"[logsAndroid_Android Emulator INFO ] 2020-05-01 14:01:21.256 MenuPageButtonTest:269 - actual title - Welcome!
expected title - Welcome!
"[logsAndroid_Android Emulator INFO ] 2020-05-01 14:01:23.388 MenuPageButtonTest:275 - actual title - EMAIL US
expected title - EMAIL US
"[logsAndroid_Android Emulator INFO ] 2020-05-01 14:01:25.678 MenuPageButtonTest:117 - 
******** starting test:checkMenuPageFAQButton********
"[logsAndroid_Android Emulator INFO ] 2020-05-01 14:01:27.466 MenuPageButtonTest:291 - actual title - SmartCoin
expected title - SmartCoin
"[logsAndroid_Android Emulator INFO ] 2020-05-01 14:01:29.579 MenuPageButtonTest:297 - actual title - Welcome!
expected title - Welcome!
"[logsAndroid_Android Emulator INFO ] 2020-05-01 14:01:32.376 MenuPageButtonTest:303 - actual title - FAQ
expected title - FAQ
"[logsAndroid_Android Emulator INFO ] 2020-05-01 14:01:37.959 MenuPageButtonTest:117 - 
******** starting test:checkMenuPageLanguageSettingButton********
"[logsAndroid_Android Emulator INFO ] 2020-05-01 14:01:40.983 MenuPageButtonTest:319 - actual title - SmartCoin
expected title - SmartCoin
"[logsAndroid_Android Emulator INFO ] 2020-05-01 14:01:43.232 MenuPageButtonTest:325 - actual title - Welcome!
expected title - Welcome!
"[logsAndroid_Android Emulator INFO ] 2020-05-01 14:01:45.777 MenuPageButtonTest:331 - actual title - Language
expected title - Language
"[logsAndroid_Android Emulator INFO ] 2020-05-01 14:01:47.924 MenuPageButtonTest:117 - 
******** starting test:checkMenuPageTroubleshootButton********
"[logsAndroid_Android Emulator INFO ] 2020-05-01 14:01:51.688 MenuPageButtonTest:348 - actual title - Welcome!
expected title - Welcome!
"[logsAndroid_Android Emulator INFO ] 2020-05-01 14:01:53.342 MenuPageButtonTest:354 - actual title - Welcome!
expected title - Welcome!
"[logsAndroid_Android Emulator INFO ] 2020-05-01 14:01:55.235 MenuPageButtonTest:360 - actual title - Troubleshoot
expected title - Troubleshoot
"[logsAndroid_Android Emulator INFO ] 2020-05-01 14:01:57.077 MenuPageButtonTest:117 - 
******** starting test:checkMenuPageMyBankDetailsButton********
"[logsAndroid_Android Emulator INFO ] 2020-05-01 14:01:58.933 MenuPageButtonTest:376 - actual title - SmartCoin
expected title - SmartCoin
"[logsAndroid_Android Emulator INFO ] 2020-05-01 14:02:01.395 MenuPageButtonTest:382 - actual title - Welcome!
expected title - Welcome!
"[logsAndroid_Android Emulator INFO ] 2020-05-01 14:02:03.884 MenuPageButtonTest:388 - actual title - My Bank Details
expected title - My Bank Details
"[logsAndroid_Android Emulator INFO ] 2020-05-01 17:04:58.976 MenuPageButtonTest:117 - 
******** starting test:checkHomePageScrolling********
"[logsAndroid_Android Emulator INFO ] 2020-05-01 17:05:16.858 MenuPageButtonTest:142 - actual title - SmartCoin
expected title - SmartCoin
"[logsAndroid_Android Emulator INFO ] 2020-05-01 17:05:32.527 MenuPageButtonTest:117 - 
******** starting test:checkMenuPageHomeButton********
"[logsAndroid_Android Emulator INFO ] 2020-05-01 17:05:35.062 MenuPageButtonTest:162 - actual title - Welcome!
expected title - Welcome!
"[logsAndroid_Android Emulator INFO ] 2020-05-01 17:05:37.832 MenuPageButtonTest:168 - actual title - SmartCoin
expected title - SmartCoin
"[logsAndroid_Android Emulator INFO ] 2020-05-01 17:05:39.911 MenuPageButtonTest:117 - 
******** starting test:checkMenuPageMyLoansButton********
"[logsAndroid_Android Emulator INFO ] 2020-05-01 17:05:43.346 MenuPageButtonTest:184 - actual title - Welcome!
expected title - Welcome!
"[logsAndroid_Android Emulator INFO ] 2020-05-01 17:05:45.145 MenuPageButtonTest:190 - actual title - My Loans
expected title - My Loans
"[logsAndroid_Android Emulator INFO ] 2020-05-01 17:05:47.475 MenuPageButtonTest:117 - 
******** starting test:checkMenuPageMyProfileButton********
"[logsAndroid_Android Emulator INFO ] 2020-05-01 17:05:49.734 MenuPageButtonTest:206 - actual title - SmartCoin
expected title - SmartCoin
"[logsAndroid_Android Emulator INFO ] 2020-05-01 17:05:51.700 MenuPageButtonTest:212 - actual title - Welcome!
expected title - Welcome!
"[logsAndroid_Android Emulator INFO ] 2020-05-01 17:05:54.324 MenuPageButtonTest:218 - actual title - My Profile
expected title - My Profile
"[logsAndroid_Android Emulator INFO ] 2020-05-01 17:05:56.764 MenuPageButtonTest:117 - 
******** starting test:checkMenuPageAllTransactionButton********
"[logsAndroid_Android Emulator INFO ] 2020-05-01 17:05:59.209 MenuPageButtonTest:235 - actual title - SmartCoin
expected title - SmartCoin
"[logsAndroid_Android Emulator INFO ] 2020-05-01 17:06:02.011 MenuPageButtonTest:241 - actual title - Welcome!
expected title - Welcome!
"[logsAndroid_Android Emulator INFO ] 2020-05-01 17:06:03.646 MenuPageButtonTest:247 - actual title - All Transactions
expected title - All Transactions
"[logsAndroid_Android Emulator INFO ] 2020-05-01 17:06:06.032 MenuPageButtonTest:117 - 
******** starting test:checkMenuPageHelpAndSupportButton********
"[logsAndroid_Android Emulator INFO ] 2020-05-01 17:06:07.995 MenuPageButtonTest:263 - actual title - SmartCoin
expected title - SmartCoin
"[logsAndroid_Android Emulator INFO ] 2020-05-01 17:06:09.605 MenuPageButtonTest:269 - actual title - Welcome!
expected title - Welcome!
"[logsAndroid_Android Emulator INFO ] 2020-05-01 17:06:11.821 MenuPageButtonTest:275 - actual title - EMAIL US
expected title - EMAIL US
"[logsAndroid_Android Emulator INFO ] 2020-05-01 17:06:14.230 MenuPageButtonTest:117 - 
******** starting test:checkMenuPageFAQButton********
"[logsAndroid_Android Emulator INFO ] 2020-05-01 17:06:15.870 MenuPageButtonTest:291 - actual title - SmartCoin
expected title - SmartCoin
"[logsAndroid_Android Emulator INFO ] 2020-05-01 17:06:19.051 MenuPageButtonTest:297 - actual title - Welcome!
expected title - Welcome!
"[logsAndroid_Android Emulator INFO ] 2020-05-01 17:06:21.884 MenuPageButtonTest:303 - actual title - FAQ
expected title - FAQ
"[logsAndroid_Android Emulator INFO ] 2020-05-01 17:06:27.034 MenuPageButtonTest:117 - 
******** starting test:checkMenuPageLanguageSettingButton********
"[logsAndroid_Android Emulator INFO ] 2020-05-01 17:06:30.710 MenuPageButtonTest:319 - actual title - SmartCoin
expected title - SmartCoin
"[logsAndroid_Android Emulator INFO ] 2020-05-01 17:06:34.735 MenuPageButtonTest:325 - actual title - Welcome!
expected title - Welcome!
"[logsAndroid_Android Emulator INFO ] 2020-05-01 17:06:36.977 MenuPageButtonTest:331 - actual title - Language
expected title - Language
"[logsAndroid_Android Emulator INFO ] 2020-05-01 17:06:38.783 MenuPageButtonTest:117 - 
******** starting test:checkMenuPageTroubleshootButton********
"[logsAndroid_Android Emulator INFO ] 2020-05-01 17:06:43.822 MenuPageButtonTest:348 - actual title - Welcome!
expected title - Welcome!
"[logsAndroid_Android Emulator INFO ] 2020-05-01 17:06:44.971 MenuPageButtonTest:354 - actual title - Welcome!
expected title - Welcome!
"[logsAndroid_Android Emulator INFO ] 2020-05-01 17:06:46.700 MenuPageButtonTest:360 - actual title - Troubleshoot
expected title - Troubleshoot
"[logsAndroid_Android Emulator INFO ] 2020-05-01 17:06:48.659 MenuPageButtonTest:117 - 
******** starting test:checkMenuPageMyBankDetailsButton********
"[logsAndroid_Android Emulator INFO ] 2020-05-01 17:06:50.652 MenuPageButtonTest:376 - actual title - SmartCoin
expected title - SmartCoin
"[logsAndroid_Android Emulator INFO ] 2020-05-01 17:06:53.602 MenuPageButtonTest:382 - actual title - Welcome!
expected title - Welcome!
"[logsAndroid_Android Emulator INFO ] 2020-05-01 17:06:55.761 MenuPageButtonTest:388 - actual title - My Bank Details
expected title - My Bank Details
"